# Change log

## 0.1.7 - 2020/06/27 - Form-reducer with state

* Add note using redux-form e2e works
    * Used redux-form Field instead of HTML for input text
    * Created actions/reducer state for form fields for async failure to server
* Moved all redux store code into /src/storaage/client/index.ts

* TBD - reset form - https://redux-form.com/6.0.0-alpha.4/docs/faq/howtoclear.md/
* TBD - get repo info from profile
* TBD - select file using browser file upload
* TBD- add tests

## 0.1.6 - 2020/06/14

* Change Redux
* Finish rough in of add note to GitHub

## 0.1.5 - 2020/05/12

* Storage/State
    * Redux - profile state

## 0.1.4 - Storage/State

* Redux - very beginnings

## 0.1.3 - 2020/05/03

* Refactor Telemetry (Application insights) from server config
* DEBUG switch
* app status and config fetched in one call

## 0.1.2 - 2020/04/30

* Application Insights as telemetry provided add at the Router level
* Question - if added at that level, what will it not catch?

## 0.1.1 - 2020/04/28

* Start up process - request config from server